2023-07-03T02:13:19.099-0400 [main] INFO  o.s.t.c.s.AbstractContextLoader      Could not detect default resource locations for test class [com.santosh.greenzone.wapchatezee.WapChatezeeApplicationTests]: no resource found for suffixes {-context.xml, Context.groovy}.
2023-07-03T02:13:19.121-0400 [main] INFO  o.s.t.c.s.AnnotationConfigContextLoaderUtils Could not detect default configuration classes for test class [com.santosh.greenzone.wapchatezee.WapChatezeeApplicationTests]: WapChatezeeApplicationTests does not declare any static, non-private, non-final, nested classes annotated with @Configuration.
2023-07-03T02:13:20.018-0400 [main] INFO  c.s.g.w.WapChatezeeApplicationTests  Starting WapChatezeeApplicationTests on Home with PID 11988 (started by santosh in E:\STS\sts-4.6.0.RELEASE\workspace-spring-tool-suite-4-4.6.0.RELEASE\greenzone_voiceMail)
2023-07-03T02:13:20.019-0400 [main] INFO  c.s.g.w.WapChatezeeApplicationTests  No active profile set, falling back to default profiles: default
2023-07-03T02:13:21.762-0400 [main] INFO  o.s.d.r.c.RepositoryConfigurationDelegate Bootstrapping Spring Data repositories in DEFAULT mode.
2023-07-03T02:13:21.813-0400 [main] INFO  o.s.d.r.c.RepositoryConfigurationDelegate Finished Spring Data repository scanning in 37ms. Found 0 repository interfaces.
2023-07-03T02:13:22.614-0400 [main] INFO  o.s.c.s.PostProcessorRegistrationDelegate$BeanPostProcessorChecker Bean 'org.springframework.transaction.annotation.ProxyTransactionManagementConfiguration' of type [org.springframework.transaction.annotation.ProxyTransactionManagementConfiguration$$EnhancerBySpringCGLIB$$9368e4d7] is not eligible for getting processed by all BeanPostProcessors (for example: not eligible for auto-proxying)
2023-07-03T02:13:23.016-0400 [main] INFO  c.z.h.HikariDataSource               HikariPool-1 - Starting...
2023-07-03T02:13:23.023-0400 [main] WARN  c.z.h.u.DriverDataSource             Registered driver with driverClassName=com.mysql.jdbc.Driver was not found, trying direct instantiation.
2023-07-03T02:13:23.836-0400 [main] INFO  c.z.h.HikariDataSource               HikariPool-1 - Start completed.
2023-07-03T02:13:23.921-0400 [main] INFO  o.h.j.i.u.LogHelper                  HHH000204: Processing PersistenceUnitInfo [
	name: default
	...]
2023-07-03T02:13:24.074-0400 [main] INFO  o.h.Version                          HHH000412: Hibernate Core {5.3.7.Final}
2023-07-03T02:13:24.077-0400 [main] INFO  o.h.c.Environment                    HHH000206: hibernate.properties not found
2023-07-03T02:13:24.373-0400 [main] INFO  o.h.a.c.Version                      HCANN000001: Hibernate Commons Annotations {5.0.4.Final}
2023-07-03T02:13:24.603-0400 [main] INFO  o.h.d.Dialect                        HHH000400: Using dialect: org.hibernate.dialect.MySQL5Dialect
2023-07-03T02:13:24.883-0400 [main] INFO  o.s.o.j.LocalContainerEntityManagerFactoryBean Initialized JPA EntityManagerFactory for persistence unit 'default'
2023-07-03T02:13:25.981-0400 [main] INFO  o.s.s.c.ThreadPoolTaskExecutor       Initializing ExecutorService 'applicationTaskExecutor'
2023-07-03T02:13:26.656-0400 [main] INFO  c.s.g.w.WapChatezeeApplicationTests  Started WapChatezeeApplicationTests in 7.043 seconds (JVM running for 9.616)
2023-07-03T02:13:26.845-0400 [Thread-2] INFO  o.s.s.c.ThreadPoolTaskExecutor       Shutting down ExecutorService 'applicationTaskExecutor'
2023-07-03T02:13:26.846-0400 [Thread-2] INFO  o.s.o.j.LocalContainerEntityManagerFactoryBean Closing JPA EntityManagerFactory for persistence unit 'default'
2023-07-03T02:13:26.849-0400 [Thread-2] INFO  c.z.h.HikariDataSource               HikariPool-1 - Shutdown initiated...
2023-07-03T02:13:26.870-0400 [Thread-2] INFO  c.z.h.HikariDataSource               HikariPool-1 - Shutdown completed.
