2022-11-08T18:03:22.468-0500 [main] INFO  c.s.g.w.WapChatezeeApplication       Starting WapChatezeeApplication on Home with PID 10268 (E:\STS\sts-4.6.0.RELEASE\workspace-spring-tool-suite-4-4.6.0.RELEASE\greenzone_voiceMail\target\classes started by santosh in E:\STS\sts-4.6.0.RELEASE\workspace-spring-tool-suite-4-4.6.0.RELEASE\greenzone_voiceMail)
2022-11-08T18:03:22.476-0500 [main] INFO  c.s.g.w.WapChatezeeApplication       No active profile set, falling back to default profiles: default
2022-11-08T18:03:23.172-0500 [main] INFO  o.s.d.r.c.RepositoryConfigurationDelegate Bootstrapping Spring Data repositories in DEFAULT mode.
2022-11-08T18:03:23.194-0500 [main] INFO  o.s.d.r.c.RepositoryConfigurationDelegate Finished Spring Data repository scanning in 16ms. Found 0 repository interfaces.
2022-11-08T18:03:23.453-0500 [main] INFO  o.s.c.s.PostProcessorRegistrationDelegate$BeanPostProcessorChecker Bean 'org.springframework.transaction.annotation.ProxyTransactionManagementConfiguration' of type [org.springframework.transaction.annotation.ProxyTransactionManagementConfiguration$$EnhancerBySpringCGLIB$$d5b84128] is not eligible for getting processed by all BeanPostProcessors (for example: not eligible for auto-proxying)
2022-11-08T18:03:23.830-0500 [main] INFO  o.a.c.h.Http11NioProtocol            Initializing ProtocolHandler ["http-nio-9079"]
2022-11-08T18:03:23.839-0500 [main] INFO  o.a.c.c.StandardService              Starting service [Tomcat]
2022-11-08T18:03:23.840-0500 [main] INFO  o.a.c.c.StandardEngine               Starting Servlet engine: [Apache Tomcat/9.0.16]
2022-11-08T18:03:23.847-0500 [main] INFO  o.a.c.c.AprLifecycleListener         The APR based Apache Tomcat Native library which allows optimal performance in production environments was not found on the java.library.path: [C:\Program Files\Java\jdk1.8.0_74\bin;C:\Windows\Sun\Java\bin;C:\Windows\system32;C:\Windows;C:/Program Files/Java/jre1.8.0_74/bin/server;C:/Program Files/Java/jre1.8.0_74/bin;C:/Program Files/Java/jre1.8.0_74/lib/amd64;C:\Program Files (x86)\Common Files\Oracle\Java\javapath;C:\ProgramData\Oracle\Java\javapath;C:\Windows\system32;C:\Windows;C:\Windows\System32\Wbem;C:\Windows\System32\WindowsPowerShell\v1.0\;C:\Program Files\nodejs\;C:\cygwin64\bin\;C:\Program Files (x86)\Microsoft SQL Server\100\Tools\Binn\;C:\Program Files\Microsoft SQL Server\100\Tools\Binn\;C:\Program Files\Microsoft SQL Server\100\DTS\Binn\;E:\VisualStudioCode\Microsoft VS Code\bin;C:\Program Files\Git\cmd;C:\Program Files\MySQL\MySQL Shell 8.0\bin\;C:\Users\santosh\AppData\Roaming\npm;C:\Users\santosh\AppData\Local\atom\bin;C:\cygwin64\bin;C:\Program Files (x86)\Sophos\Sophos SSL VPN Client\bin;E:\STS\sts-4.6.0.RELEASE;;.]
2022-11-08T18:03:23.945-0500 [main] INFO  o.a.c.c.C.[.[.[/]                    Initializing Spring embedded WebApplicationContext
2022-11-08T18:03:23.945-0500 [main] INFO  o.s.w.c.ContextLoader                Root WebApplicationContext: initialization completed in 1426 ms
2022-11-08T18:03:24.074-0500 [main] INFO  c.z.h.HikariDataSource               HikariPool-1 - Starting...
2022-11-08T18:03:24.076-0500 [main] WARN  c.z.h.u.DriverDataSource             Registered driver with driverClassName=com.mysql.jdbc.Driver was not found, trying direct instantiation.
2022-11-08T18:03:24.357-0500 [main] INFO  c.z.h.HikariDataSource               HikariPool-1 - Start completed.
2022-11-08T18:03:24.398-0500 [main] INFO  o.h.j.i.u.LogHelper                  HHH000204: Processing PersistenceUnitInfo [
	name: default
	...]
2022-11-08T18:03:24.455-0500 [main] INFO  o.h.Version                          HHH000412: Hibernate Core {5.3.7.Final}
2022-11-08T18:03:24.456-0500 [main] INFO  o.h.c.Environment                    HHH000206: hibernate.properties not found
2022-11-08T18:03:24.584-0500 [main] INFO  o.h.a.c.Version                      HCANN000001: Hibernate Commons Annotations {5.0.4.Final}
2022-11-08T18:03:24.722-0500 [main] INFO  o.h.d.Dialect                        HHH000400: Using dialect: org.hibernate.dialect.MySQL5Dialect
2022-11-08T18:03:24.951-0500 [main] INFO  o.s.o.j.LocalContainerEntityManagerFactoryBean Initialized JPA EntityManagerFactory for persistence unit 'default'
2022-11-08T18:03:25.172-0500 [main] INFO  o.s.s.c.ThreadPoolTaskExecutor       Initializing ExecutorService 'applicationTaskExecutor'
2022-11-08T18:03:25.352-0500 [main] INFO  o.a.c.h.Http11NioProtocol            Starting ProtocolHandler ["http-nio-9079"]
2022-11-08T18:03:25.394-0500 [main] INFO  c.s.g.w.WapChatezeeApplication       Started WapChatezeeApplication in 3.239 seconds (JVM running for 4.561)
2022-11-08T18:13:04.406-0500 [http-nio-9079-exec-1] INFO  o.a.c.c.C.[.[.[/]                    Initializing Spring DispatcherServlet 'dispatcherServlet'
2022-11-08T18:13:04.406-0500 [http-nio-9079-exec-1] INFO  o.s.w.s.DispatcherServlet            Initializing Servlet 'dispatcherServlet'
2022-11-08T18:13:04.414-0500 [http-nio-9079-exec-1] INFO  o.s.w.s.DispatcherServlet            Completed initialization in 8 ms
2022-11-08T18:13:04.488-0500 [http-nio-9079-exec-1] INFO  c.s.g.w.c.KaafiyaBalanceQuery        getKaafiyaUserBalanceController|aparty=637548825|bparty=166|serviceId=voicesms|langId=eng
2022-11-08T18:13:04.488-0500 [http-nio-9079-exec-1] INFO  c.s.g.w.c.KaafiyaBalanceQuery        getUserBalanceController|BALANCE_QUERY_URL=http://172.16.53.100:8082/charging/web/api/balance/diameter
2022-11-08T18:13:04.488-0500 [http-nio-9079-exec-1] INFO  c.s.g.w.c.KaafiyaBalanceQuery        jsonBodyData={"smsNumber":null,"msisdn":"637548825","type":null }
2022-11-08T18:13:04.495-0500 [http-nio-9079-exec-1] INFO  c.s.g.s.i.PostClientKaafiyaServiceImpl POST URL=http://172.16.53.100:8082/charging/web/api/balance/diameter|reqType=kaafiya-balance-query|kaafiyaAccountDetails=5064|5067|minBalanceCheck=60
2022-11-08T18:13:04.498-0500 [http-nio-9079-exec-1] INFO  c.s.g.s.i.PostClientKaafiyaServiceImpl No Header Set for kaafiya-balance-query
2022-11-08T18:13:14.527-0500 [http-nio-9079-exec-1] ERROR c.s.g.s.i.PostClientKaafiyaServiceImpl Reosource Access Exception=I/O error on POST request for "http://172.16.53.100:8082/charging/web/api/balance/diameter": connect timed out; nested exception is java.net.SocketTimeoutException: connect timed out
2022-11-08T18:13:14.527-0500 [http-nio-9079-exec-1] ERROR c.s.g.s.i.PostClientKaafiyaServiceImpl Reosource Access Exception=java.net.SocketTimeoutException: connect timed out
2022-11-08T18:13:14.527-0500 [http-nio-9079-exec-1] INFO  c.s.g.s.i.PostClientKaafiyaServiceImpl response result|returnValue=E
2022-11-08T18:13:14.528-0500 [http-nio-9079-exec-1] INFO  c.s.g.w.c.KaafiyaBalanceQuery        sufficientBalance=E|aparty=637548825
