2023-08-11T03:11:48.480+0530 [main] INFO  o.s.t.c.s.AbstractContextLoader      Could not detect default resource locations for test class [com.vivatelecoms.greenzone.wapchatezee.WapChatezeeApplicationTests]: no resource found for suffixes {-context.xml, Context.groovy}.
2023-08-11T03:11:48.488+0530 [main] INFO  o.s.t.c.s.AnnotationConfigContextLoaderUtils Could not detect default configuration classes for test class [com.vivatelecoms.greenzone.wapchatezee.WapChatezeeApplicationTests]: WapChatezeeApplicationTests does not declare any static, non-private, non-final, nested classes annotated with @Configuration.
2023-08-11T03:11:49.198+0530 [main] INFO  c.v.g.w.WapChatezeeApplicationTests  Starting WapChatezeeApplicationTests on LAPTOP-5K8DLCPM with PID 12816 (started by meet2 in C:\STS\sts-4.19.0.RELEASE\workspace-spring-tool-suite-4-4.19.0.RELEASE\greenzone_voiceMail)
2023-08-11T03:11:49.199+0530 [main] INFO  c.v.g.w.WapChatezeeApplicationTests  No active profile set, falling back to default profiles: default
2023-08-11T03:11:50.823+0530 [main] INFO  o.s.d.r.c.RepositoryConfigurationDelegate Bootstrapping Spring Data repositories in DEFAULT mode.
2023-08-11T03:11:50.873+0530 [main] INFO  o.s.d.r.c.RepositoryConfigurationDelegate Finished Spring Data repository scanning in 41ms. Found 0 repository interfaces.
2023-08-11T03:11:51.533+0530 [main] INFO  o.s.c.s.PostProcessorRegistrationDelegate$BeanPostProcessorChecker Bean 'org.springframework.transaction.annotation.ProxyTransactionManagementConfiguration' of type [org.springframework.transaction.annotation.ProxyTransactionManagementConfiguration$$EnhancerBySpringCGLIB$$4790bffd] is not eligible for getting processed by all BeanPostProcessors (for example: not eligible for auto-proxying)
2023-08-11T03:11:51.939+0530 [main] INFO  c.z.h.HikariDataSource               HikariPool-1 - Starting...
2023-08-11T03:11:51.944+0530 [main] WARN  c.z.h.u.DriverDataSource             Registered driver with driverClassName=com.mysql.jdbc.Driver was not found, trying direct instantiation.
2023-08-11T03:11:52.697+0530 [main] INFO  c.z.h.HikariDataSource               HikariPool-1 - Start completed.
2023-08-11T03:11:52.835+0530 [main] INFO  o.h.j.i.u.LogHelper                  HHH000204: Processing PersistenceUnitInfo [
	name: default
	...]
2023-08-11T03:11:53.039+0530 [main] INFO  o.h.Version                          HHH000412: Hibernate Core {5.3.7.Final}
2023-08-11T03:11:53.042+0530 [main] INFO  o.h.c.Environment                    HHH000206: hibernate.properties not found
2023-08-11T03:11:53.348+0530 [main] INFO  o.h.a.c.Version                      HCANN000001: Hibernate Commons Annotations {5.0.4.Final}
2023-08-11T03:11:53.587+0530 [main] INFO  o.h.d.Dialect                        HHH000400: Using dialect: org.hibernate.dialect.MySQL5Dialect
2023-08-11T03:11:53.893+0530 [main] INFO  o.s.o.j.LocalContainerEntityManagerFactoryBean Initialized JPA EntityManagerFactory for persistence unit 'default'
2023-08-11T03:11:54.920+0530 [main] INFO  o.s.s.c.ThreadPoolTaskExecutor       Initializing ExecutorService 'applicationTaskExecutor'
2023-08-11T03:11:55.451+0530 [main] INFO  c.v.g.w.WapChatezeeApplicationTests  Started WapChatezeeApplicationTests in 6.6 seconds (JVM running for 9.128)
2023-08-11T03:11:55.661+0530 [Thread-2] INFO  o.s.s.c.ThreadPoolTaskExecutor       Shutting down ExecutorService 'applicationTaskExecutor'
2023-08-11T03:11:55.663+0530 [Thread-2] INFO  o.s.o.j.LocalContainerEntityManagerFactoryBean Closing JPA EntityManagerFactory for persistence unit 'default'
2023-08-11T03:11:55.667+0530 [Thread-2] INFO  c.z.h.HikariDataSource               HikariPool-1 - Shutdown initiated...
2023-08-11T03:11:55.694+0530 [Thread-2] INFO  c.z.h.HikariDataSource               HikariPool-1 - Shutdown completed.
