2023-07-10T04:23:25.667-0400 [main] INFO  o.s.t.c.s.AbstractContextLoader      Could not detect default resource locations for test class [com.santosh.greenzone.wapchatezee.WapChatezeeApplicationTests]: no resource found for suffixes {-context.xml, Context.groovy}.
2023-07-10T04:23:25.708-0400 [main] INFO  o.s.t.c.s.AnnotationConfigContextLoaderUtils Could not detect default configuration classes for test class [com.santosh.greenzone.wapchatezee.WapChatezeeApplicationTests]: WapChatezeeApplicationTests does not declare any static, non-private, non-final, nested classes annotated with @Configuration.
2023-07-10T04:23:27.458-0400 [main] INFO  c.s.g.w.WapChatezeeApplicationTests  Starting WapChatezeeApplicationTests on Home with PID 8912 (started by santosh in E:\STS\sts-4.6.0.RELEASE\workspace-spring-tool-suite-4-4.6.0.RELEASE\greenzone_voiceMail)
2023-07-10T04:23:27.459-0400 [main] INFO  c.s.g.w.WapChatezeeApplicationTests  No active profile set, falling back to default profiles: default
2023-07-10T04:23:30.488-0400 [main] INFO  o.s.d.r.c.RepositoryConfigurationDelegate Bootstrapping Spring Data repositories in DEFAULT mode.
2023-07-10T04:23:30.604-0400 [main] INFO  o.s.d.r.c.RepositoryConfigurationDelegate Finished Spring Data repository scanning in 79ms. Found 0 repository interfaces.
2023-07-10T04:23:31.829-0400 [main] INFO  o.s.c.s.PostProcessorRegistrationDelegate$BeanPostProcessorChecker Bean 'org.springframework.transaction.annotation.ProxyTransactionManagementConfiguration' of type [org.springframework.transaction.annotation.ProxyTransactionManagementConfiguration$$EnhancerBySpringCGLIB$$c56e40e5] is not eligible for getting processed by all BeanPostProcessors (for example: not eligible for auto-proxying)
2023-07-10T04:23:33.062-0400 [main] INFO  c.z.h.HikariDataSource               HikariPool-1 - Starting...
2023-07-10T04:23:33.084-0400 [main] WARN  c.z.h.u.DriverDataSource             Registered driver with driverClassName=com.mysql.jdbc.Driver was not found, trying direct instantiation.
2023-07-10T04:23:35.679-0400 [main] INFO  c.z.h.HikariDataSource               HikariPool-1 - Start completed.
2023-07-10T04:23:36.169-0400 [main] INFO  o.h.j.i.u.LogHelper                  HHH000204: Processing PersistenceUnitInfo [
	name: default
	...]
2023-07-10T04:23:36.301-0400 [main] INFO  o.h.Version                          HHH000412: Hibernate Core {5.3.7.Final}
2023-07-10T04:23:36.302-0400 [main] INFO  o.h.c.Environment                    HHH000206: hibernate.properties not found
2023-07-10T04:23:36.681-0400 [main] INFO  o.h.a.c.Version                      HCANN000001: Hibernate Commons Annotations {5.0.4.Final}
2023-07-10T04:23:37.125-0400 [main] INFO  o.h.d.Dialect                        HHH000400: Using dialect: org.hibernate.dialect.MySQL5Dialect
2023-07-10T04:23:38.518-0400 [main] INFO  o.s.o.j.LocalContainerEntityManagerFactoryBean Initialized JPA EntityManagerFactory for persistence unit 'default'
2023-07-10T04:23:40.681-0400 [main] INFO  o.s.s.c.ThreadPoolTaskExecutor       Initializing ExecutorService 'applicationTaskExecutor'
2023-07-10T04:23:41.803-0400 [main] INFO  c.s.g.w.WapChatezeeApplicationTests  Started WapChatezeeApplicationTests in 15.232 seconds (JVM running for 20.067)
2023-07-10T04:23:42.126-0400 [Thread-2] INFO  o.s.s.c.ThreadPoolTaskExecutor       Shutting down ExecutorService 'applicationTaskExecutor'
2023-07-10T04:23:42.127-0400 [Thread-2] INFO  o.s.o.j.LocalContainerEntityManagerFactoryBean Closing JPA EntityManagerFactory for persistence unit 'default'
2023-07-10T04:23:42.130-0400 [Thread-2] INFO  c.z.h.HikariDataSource               HikariPool-1 - Shutdown initiated...
2023-07-10T04:23:42.149-0400 [Thread-2] INFO  c.z.h.HikariDataSource               HikariPool-1 - Shutdown completed.
