2022-11-08T16:56:42.362-0500 [main] INFO  c.s.g.w.WapChatezeeApplication       Starting WapChatezeeApplication on Home with PID 9540 (E:\STS\sts-4.6.0.RELEASE\workspace-spring-tool-suite-4-4.6.0.RELEASE\greenzone_voiceMail\target\classes started by santosh in E:\STS\sts-4.6.0.RELEASE\workspace-spring-tool-suite-4-4.6.0.RELEASE\greenzone_voiceMail)
2022-11-08T16:56:42.368-0500 [main] INFO  c.s.g.w.WapChatezeeApplication       No active profile set, falling back to default profiles: default
2022-11-08T16:56:42.999-0500 [main] INFO  o.s.d.r.c.RepositoryConfigurationDelegate Bootstrapping Spring Data repositories in DEFAULT mode.
2022-11-08T16:56:43.020-0500 [main] INFO  o.s.d.r.c.RepositoryConfigurationDelegate Finished Spring Data repository scanning in 16ms. Found 0 repository interfaces.
2022-11-08T16:56:43.321-0500 [main] INFO  o.s.c.s.PostProcessorRegistrationDelegate$BeanPostProcessorChecker Bean 'org.springframework.transaction.annotation.ProxyTransactionManagementConfiguration' of type [org.springframework.transaction.annotation.ProxyTransactionManagementConfiguration$$EnhancerBySpringCGLIB$$7f23abeb] is not eligible for getting processed by all BeanPostProcessors (for example: not eligible for auto-proxying)
2022-11-08T16:56:43.625-0500 [main] INFO  o.a.c.h.Http11NioProtocol            Initializing ProtocolHandler ["http-nio-9079"]
2022-11-08T16:56:43.635-0500 [main] INFO  o.a.c.c.StandardService              Starting service [Tomcat]
2022-11-08T16:56:43.635-0500 [main] INFO  o.a.c.c.StandardEngine               Starting Servlet engine: [Apache Tomcat/9.0.16]
2022-11-08T16:56:43.642-0500 [main] INFO  o.a.c.c.AprLifecycleListener         The APR based Apache Tomcat Native library which allows optimal performance in production environments was not found on the java.library.path: [C:\Program Files\Java\jdk1.8.0_74\bin;C:\Windows\Sun\Java\bin;C:\Windows\system32;C:\Windows;C:/Program Files/Java/jre1.8.0_74/bin/server;C:/Program Files/Java/jre1.8.0_74/bin;C:/Program Files/Java/jre1.8.0_74/lib/amd64;C:\Program Files (x86)\Common Files\Oracle\Java\javapath;C:\ProgramData\Oracle\Java\javapath;C:\Windows\system32;C:\Windows;C:\Windows\System32\Wbem;C:\Windows\System32\WindowsPowerShell\v1.0\;C:\Program Files\nodejs\;C:\cygwin64\bin\;C:\Program Files (x86)\Microsoft SQL Server\100\Tools\Binn\;C:\Program Files\Microsoft SQL Server\100\Tools\Binn\;C:\Program Files\Microsoft SQL Server\100\DTS\Binn\;E:\VisualStudioCode\Microsoft VS Code\bin;C:\Program Files\Git\cmd;C:\Program Files\MySQL\MySQL Shell 8.0\bin\;C:\Users\santosh\AppData\Roaming\npm;C:\Users\santosh\AppData\Local\atom\bin;C:\cygwin64\bin;C:\Program Files (x86)\Sophos\Sophos SSL VPN Client\bin;E:\STS\sts-4.6.0.RELEASE;;.]
2022-11-08T16:56:43.821-0500 [main] INFO  o.a.c.c.C.[.[.[/]                    Initializing Spring embedded WebApplicationContext
2022-11-08T16:56:43.821-0500 [main] INFO  o.s.w.c.ContextLoader                Root WebApplicationContext: initialization completed in 1414 ms
2022-11-08T16:56:43.945-0500 [main] INFO  c.z.h.HikariDataSource               HikariPool-1 - Starting...
2022-11-08T16:56:43.946-0500 [main] WARN  c.z.h.u.DriverDataSource             Registered driver with driverClassName=com.mysql.jdbc.Driver was not found, trying direct instantiation.
2022-11-08T16:56:44.243-0500 [main] INFO  c.z.h.HikariDataSource               HikariPool-1 - Start completed.
2022-11-08T16:56:44.285-0500 [main] INFO  o.h.j.i.u.LogHelper                  HHH000204: Processing PersistenceUnitInfo [
	name: default
	...]
2022-11-08T16:56:44.330-0500 [main] INFO  o.h.Version                          HHH000412: Hibernate Core {5.3.7.Final}
2022-11-08T16:56:44.331-0500 [main] INFO  o.h.c.Environment                    HHH000206: hibernate.properties not found
2022-11-08T16:56:44.456-0500 [main] INFO  o.h.a.c.Version                      HCANN000001: Hibernate Commons Annotations {5.0.4.Final}
2022-11-08T16:56:44.599-0500 [main] INFO  o.h.d.Dialect                        HHH000400: Using dialect: org.hibernate.dialect.MySQL5Dialect
2022-11-08T16:56:44.809-0500 [main] INFO  o.s.o.j.LocalContainerEntityManagerFactoryBean Initialized JPA EntityManagerFactory for persistence unit 'default'
2022-11-08T16:56:45.035-0500 [main] INFO  o.s.s.c.ThreadPoolTaskExecutor       Initializing ExecutorService 'applicationTaskExecutor'
2022-11-08T16:56:45.216-0500 [main] INFO  o.a.c.h.Http11NioProtocol            Starting ProtocolHandler ["http-nio-9079"]
2022-11-08T16:56:45.242-0500 [main] INFO  c.s.g.w.WapChatezeeApplication       Started WapChatezeeApplication in 3.213 seconds (JVM running for 4.531)
2022-11-08T16:57:27.654-0500 [http-nio-9079-exec-1] INFO  o.a.c.c.C.[.[.[/]                    Initializing Spring DispatcherServlet 'dispatcherServlet'
2022-11-08T16:57:27.654-0500 [http-nio-9079-exec-1] INFO  o.s.w.s.DispatcherServlet            Initializing Servlet 'dispatcherServlet'
2022-11-08T16:57:27.662-0500 [http-nio-9079-exec-1] INFO  o.s.w.s.DispatcherServlet            Completed initialization in 8 ms
2022-11-08T16:57:27.755-0500 [http-nio-9079-exec-1] INFO  c.s.g.w.c.KaafiyaBalanceQuery        getKaafiyaUserBalanceController|aparty=637548825|bparty=166|serviceId=voicesms|langId=eng
2022-11-08T16:57:27.755-0500 [http-nio-9079-exec-1] INFO  c.s.g.w.c.KaafiyaBalanceQuery        getUserBalanceController|BALANCE_QUERY_URL=http://172.16.53.100:8082/charging/web/api/balance/diameter
2022-11-08T16:57:27.755-0500 [http-nio-9079-exec-1] INFO  c.s.g.w.c.KaafiyaBalanceQuery        jsonBodyData={"smsNumber":null,"msisdn":"637548825","type":null }
2022-11-08T16:57:27.762-0500 [http-nio-9079-exec-1] INFO  c.s.g.s.i.PostClientKaafiyaServiceImpl POST URL=http://172.16.53.100:8082/charging/web/api/balance/diameter|reqType=kaafiya-balance-query|kaafiyaAccountDetails=5064|5067|minBalanceCheck=60
2022-11-08T16:57:27.764-0500 [http-nio-9079-exec-1] INFO  c.s.g.s.i.PostClientKaafiyaServiceImpl No Header Set for kaafiya-balance-query
2022-11-08T16:57:28.413-0500 [http-nio-9079-exec-1] INFO  c.s.g.s.i.PostClientKaafiyaServiceImpl response header from2=[Server:"Apache-Coyote/1.1", Content-Type:"application/json;charset=UTF-8", Transfer-Encoding:"chunked", Date:"Tue, 08 Nov 2022 12:23:50 GMT"]
2022-11-08T16:57:28.414-0500 [http-nio-9079-exec-1] INFO  c.s.g.s.i.PostClientKaafiyaServiceImpl response status code from3=200 OK
2022-11-08T16:57:28.414-0500 [http-nio-9079-exec-1] INFO  c.s.g.s.i.PostClientKaafiyaServiceImpl response body from4={"result":"ok","data":{"accountBalance":[{"type":"2000","amount":"0.34 USD","expireDate":"07-02-2036 09:28","dataAccountType":"MAIN_BALANCE","amountDouble":0.34,"index":0,"unlimited":false},{"type":"4202","amount":"2:00","expireDate":"07-02-2036 09:28","dataAccountType":"FALLBACK","amountDouble":120.0,"index":0,"unlimited":false}]}}
2022-11-08T16:57:28.426-0500 [http-nio-9079-exec-1] INFO  c.s.g.s.i.PostClientKaafiyaServiceImpl response json={"result":"ok","data":{"accountBalance":[{"amount":"0.34 USD","amountDouble":0.34,"unlimited":false,"index":0,"expireDate":"07-02-2036 09:28","dataAccountType":"MAIN_BALANCE","type":"2000"},{"amount":"2:00","amountDouble":120,"unlimited":false,"index":0,"expireDate":"07-02-2036 09:28","dataAccountType":"FALLBACK","type":"4202"}]}}
2022-11-08T16:57:28.426-0500 [http-nio-9079-exec-1] INFO  c.s.g.s.i.PostClientKaafiyaServiceImpl result=ok
2022-11-08T16:57:28.426-0500 [http-nio-9079-exec-1] INFO  c.s.g.s.i.PostClientKaafiyaServiceImpl kaafiya-balance-query-----------
2022-11-08T16:57:28.427-0500 [http-nio-9079-exec-1] INFO  c.s.g.s.i.PostClientKaafiyaServiceImpl results=ok
2022-11-08T16:57:28.427-0500 [http-nio-9079-exec-1] INFO  c.s.g.s.i.PostClientKaafiyaServiceImpl jsonArrLength=2
2022-11-08T16:57:28.427-0500 [http-nio-9079-exec-1] INFO  c.s.g.s.i.PostClientKaafiyaServiceImpl count=0|Type=2000|balance=34.0|expireDate=07-02-2036 09:28|dataAccountType=MAIN_BALANCE
2022-11-08T16:57:28.429-0500 [http-nio-9079-exec-1] INFO  c.s.g.s.i.PostClientKaafiyaServiceImpl date=Thu Feb 07 09:28:00 EST 2036|currDate=202211081657|expireDate=203602070928
2022-11-08T16:57:28.429-0500 [http-nio-9079-exec-1] INFO  c.s.g.s.i.PostClientKaafiyaServiceImpl Main account Balance=34.0
2022-11-08T16:57:28.429-0500 [http-nio-9079-exec-1] INFO  c.s.g.s.i.PostClientKaafiyaServiceImpl Subscriber have sufficient balance=34.0
2022-11-08T16:57:28.430-0500 [http-nio-9079-exec-1] INFO  c.s.g.w.c.KaafiyaBalanceQuery        sufficientBalance=Y|aparty=637548825
2022-11-08T16:58:51.850-0500 [http-nio-9079-exec-2] INFO  c.s.g.w.c.KaafiyaBalanceQuery        getKaafiyaUserBalanceController|aparty=634160295|bparty=166|serviceId=voicesms|langId=eng
2022-11-08T16:58:51.850-0500 [http-nio-9079-exec-2] INFO  c.s.g.w.c.KaafiyaBalanceQuery        getUserBalanceController|BALANCE_QUERY_URL=http://172.16.53.100:8082/charging/web/api/balance/diameter
2022-11-08T16:58:51.850-0500 [http-nio-9079-exec-2] INFO  c.s.g.w.c.KaafiyaBalanceQuery        jsonBodyData={"smsNumber":null,"msisdn":"634160295","type":null }
2022-11-08T16:58:51.854-0500 [http-nio-9079-exec-2] INFO  c.s.g.s.i.PostClientKaafiyaServiceImpl POST URL=http://172.16.53.100:8082/charging/web/api/balance/diameter|reqType=kaafiya-balance-query|kaafiyaAccountDetails=5064|5067|minBalanceCheck=60
2022-11-08T16:58:51.854-0500 [http-nio-9079-exec-2] INFO  c.s.g.s.i.PostClientKaafiyaServiceImpl No Header Set for kaafiya-balance-query
2022-11-08T16:58:52.497-0500 [http-nio-9079-exec-2] INFO  c.s.g.s.i.PostClientKaafiyaServiceImpl response header from2=[Server:"Apache-Coyote/1.1", Content-Type:"application/json;charset=UTF-8", Transfer-Encoding:"chunked", Date:"Tue, 08 Nov 2022 12:25:14 GMT"]
2022-11-08T16:58:52.498-0500 [http-nio-9079-exec-2] INFO  c.s.g.s.i.PostClientKaafiyaServiceImpl response status code from3=200 OK
2022-11-08T16:58:52.498-0500 [http-nio-9079-exec-2] INFO  c.s.g.s.i.PostClientKaafiyaServiceImpl response body from4={"result":"ok","data":{"accountBalance":[{"type":"2000","amount":"0 USD","expireDate":"07-02-2036 09:28","dataAccountType":"MAIN_BALANCE","amountDouble":0.0,"index":0,"unlimited":false},{"type":"2001","amount":"0 USD","expireDate":"07-02-2036 09:28","dataAccountType":"PROMOTION","amountDouble":0.0,"index":0,"unlimited":false},{"type":"2001","amount":"0 USD","expireDate":"07-02-2036 09:28","dataAccountType":"PROMOTION","amountDouble":0.0,"index":0,"unlimited":false},{"type":"4201","amount":"9.5 MB","expireDate":"15-04-2024 00:00","dataAccountType":"FOUR_G","amountDouble":1.00024E7,"category":"internet","index":0,"unlimited":false},{"type":"4202","amount":"0:00","expireDate":"15-04-2024 00:00","dataAccountType":"FALLBACK","amountDouble":0.0,"index":0,"unlimited":false},{"type":"5044","amount":"200.0 MB","expireDate":"15-11-2022 10:08","dataAccountType":"FOUR_G","amountDouble":2.097152E8,"category":"internet","index":1,"unlimited":false},{"type":"5064","amount":"25865.1 USD","expireDate":"03-12-2022 09:56","dataAccountType":"FLAT_RATE","amountDouble":25865.1,"category":"Kaafiya-prepaid","index":0,"unlimited":false},{"type":"5072","amount":"0 B","expireDate":"21-11-2022 00:00","dataAccountType":"FOUR_G","amountDouble":0.0,"category":"internet","index":20,"unlimited":false},{"type":"5075","amount":"65.8 GB","expireDate":"30-11-2022 00:00","dataAccountType":"FOUR_G","amountDouble":7.0637558552E10,"category":"internet","index":29,"unlimited":false}]}}
2022-11-08T16:58:52.501-0500 [http-nio-9079-exec-2] INFO  c.s.g.s.i.PostClientKaafiyaServiceImpl response json={"result":"ok","data":{"accountBalance":[{"amount":"0 USD","amountDouble":0,"unlimited":false,"index":0,"expireDate":"07-02-2036 09:28","dataAccountType":"MAIN_BALANCE","type":"2000"},{"amount":"0 USD","amountDouble":0,"unlimited":false,"index":0,"expireDate":"07-02-2036 09:28","dataAccountType":"PROMOTION","type":"2001"},{"amount":"0 USD","amountDouble":0,"unlimited":false,"index":0,"expireDate":"07-02-2036 09:28","dataAccountType":"PROMOTION","type":"2001"},{"amount":"9.5 MB","amountDouble":1.00024E7,"unlimited":false,"index":0,"expireDate":"15-04-2024 00:00","dataAccountType":"FOUR_G","type":"4201","category":"internet"},{"amount":"0:00","amountDouble":0,"unlimited":false,"index":0,"expireDate":"15-04-2024 00:00","dataAccountType":"FALLBACK","type":"4202"},{"amount":"200.0 MB","amountDouble":2.097152E8,"unlimited":false,"index":1,"expireDate":"15-11-2022 10:08","dataAccountType":"FOUR_G","type":"5044","category":"internet"},{"amount":"25865.1 USD","amountDouble":25865.1,"unlimited":false,"index":0,"expireDate":"03-12-2022 09:56","dataAccountType":"FLAT_RATE","type":"5064","category":"Kaafiya-prepaid"},{"amount":"0 B","amountDouble":0,"unlimited":false,"index":20,"expireDate":"21-11-2022 00:00","dataAccountType":"FOUR_G","type":"5072","category":"internet"},{"amount":"65.8 GB","amountDouble":7.0637558552E10,"unlimited":false,"index":29,"expireDate":"30-11-2022 00:00","dataAccountType":"FOUR_G","type":"5075","category":"internet"}]}}
2022-11-08T16:58:52.501-0500 [http-nio-9079-exec-2] INFO  c.s.g.s.i.PostClientKaafiyaServiceImpl result=ok
2022-11-08T16:58:52.501-0500 [http-nio-9079-exec-2] INFO  c.s.g.s.i.PostClientKaafiyaServiceImpl kaafiya-balance-query-----------
2022-11-08T16:58:52.501-0500 [http-nio-9079-exec-2] INFO  c.s.g.s.i.PostClientKaafiyaServiceImpl results=ok
2022-11-08T16:58:52.501-0500 [http-nio-9079-exec-2] INFO  c.s.g.s.i.PostClientKaafiyaServiceImpl jsonArrLength=9
2022-11-08T16:58:52.501-0500 [http-nio-9079-exec-2] INFO  c.s.g.s.i.PostClientKaafiyaServiceImpl count=0|Type=2000|balance=0.0|expireDate=07-02-2036 09:28|dataAccountType=MAIN_BALANCE
2022-11-08T16:58:52.503-0500 [http-nio-9079-exec-2] INFO  c.s.g.s.i.PostClientKaafiyaServiceImpl date=Thu Feb 07 09:28:00 EST 2036|currDate=202211081658|expireDate=203602070928
2022-11-08T16:58:52.503-0500 [http-nio-9079-exec-2] INFO  c.s.g.s.i.PostClientKaafiyaServiceImpl Main account Balance=0.0
2022-11-08T16:58:52.503-0500 [http-nio-9079-exec-2] INFO  c.s.g.s.i.PostClientKaafiyaServiceImpl Subscriber have low balance=0.0
2022-11-08T16:58:52.503-0500 [http-nio-9079-exec-2] INFO  c.s.g.w.c.KaafiyaBalanceQuery        sufficientBalance=N|aparty=634160295
2022-11-08T16:59:46.962-0500 [RMI TCP Connection(3)-127.0.0.1] INFO  o.s.s.c.ThreadPoolTaskExecutor       Shutting down ExecutorService 'applicationTaskExecutor'
2022-11-08T16:59:46.963-0500 [RMI TCP Connection(3)-127.0.0.1] INFO  o.s.o.j.LocalContainerEntityManagerFactoryBean Closing JPA EntityManagerFactory for persistence unit 'default'
2022-11-08T16:59:46.965-0500 [RMI TCP Connection(3)-127.0.0.1] INFO  c.z.h.HikariDataSource               HikariPool-1 - Shutdown initiated...
2022-11-08T16:59:46.972-0500 [RMI TCP Connection(3)-127.0.0.1] INFO  c.z.h.HikariDataSource               HikariPool-1 - Shutdown completed.
