2022-11-08T17:16:43.378-0500 [main] INFO  c.s.g.w.WapChatezeeApplication       Starting WapChatezeeApplication on Home with PID 6128 (E:\STS\sts-4.6.0.RELEASE\workspace-spring-tool-suite-4-4.6.0.RELEASE\greenzone_voiceMail\target\classes started by santosh in E:\STS\sts-4.6.0.RELEASE\workspace-spring-tool-suite-4-4.6.0.RELEASE\greenzone_voiceMail)
2022-11-08T17:16:43.387-0500 [main] INFO  c.s.g.w.WapChatezeeApplication       No active profile set, falling back to default profiles: default
2022-11-08T17:16:44.006-0500 [main] INFO  o.s.d.r.c.RepositoryConfigurationDelegate Bootstrapping Spring Data repositories in DEFAULT mode.
2022-11-08T17:16:44.027-0500 [main] INFO  o.s.d.r.c.RepositoryConfigurationDelegate Finished Spring Data repository scanning in 16ms. Found 0 repository interfaces.
2022-11-08T17:16:44.278-0500 [main] INFO  o.s.c.s.PostProcessorRegistrationDelegate$BeanPostProcessorChecker Bean 'org.springframework.transaction.annotation.ProxyTransactionManagementConfiguration' of type [org.springframework.transaction.annotation.ProxyTransactionManagementConfiguration$$EnhancerBySpringCGLIB$$96e18f08] is not eligible for getting processed by all BeanPostProcessors (for example: not eligible for auto-proxying)
2022-11-08T17:16:44.636-0500 [main] INFO  o.a.c.h.Http11NioProtocol            Initializing ProtocolHandler ["http-nio-9079"]
2022-11-08T17:16:44.644-0500 [main] INFO  o.a.c.c.StandardService              Starting service [Tomcat]
2022-11-08T17:16:44.645-0500 [main] INFO  o.a.c.c.StandardEngine               Starting Servlet engine: [Apache Tomcat/9.0.16]
2022-11-08T17:16:44.651-0500 [main] INFO  o.a.c.c.AprLifecycleListener         The APR based Apache Tomcat Native library which allows optimal performance in production environments was not found on the java.library.path: [C:\Program Files\Java\jdk1.8.0_74\bin;C:\Windows\Sun\Java\bin;C:\Windows\system32;C:\Windows;C:/Program Files/Java/jre1.8.0_74/bin/server;C:/Program Files/Java/jre1.8.0_74/bin;C:/Program Files/Java/jre1.8.0_74/lib/amd64;C:\Program Files (x86)\Common Files\Oracle\Java\javapath;C:\ProgramData\Oracle\Java\javapath;C:\Windows\system32;C:\Windows;C:\Windows\System32\Wbem;C:\Windows\System32\WindowsPowerShell\v1.0\;C:\Program Files\nodejs\;C:\cygwin64\bin\;C:\Program Files (x86)\Microsoft SQL Server\100\Tools\Binn\;C:\Program Files\Microsoft SQL Server\100\Tools\Binn\;C:\Program Files\Microsoft SQL Server\100\DTS\Binn\;E:\VisualStudioCode\Microsoft VS Code\bin;C:\Program Files\Git\cmd;C:\Program Files\MySQL\MySQL Shell 8.0\bin\;C:\Users\santosh\AppData\Roaming\npm;C:\Users\santosh\AppData\Local\atom\bin;C:\cygwin64\bin;C:\Program Files (x86)\Sophos\Sophos SSL VPN Client\bin;E:\STS\sts-4.6.0.RELEASE;;.]
2022-11-08T17:16:44.735-0500 [main] INFO  o.a.c.c.C.[.[.[/]                    Initializing Spring embedded WebApplicationContext
2022-11-08T17:16:44.735-0500 [main] INFO  o.s.w.c.ContextLoader                Root WebApplicationContext: initialization completed in 1305 ms
2022-11-08T17:16:44.856-0500 [main] INFO  c.z.h.HikariDataSource               HikariPool-1 - Starting...
2022-11-08T17:16:44.858-0500 [main] WARN  c.z.h.u.DriverDataSource             Registered driver with driverClassName=com.mysql.jdbc.Driver was not found, trying direct instantiation.
2022-11-08T17:16:45.135-0500 [main] INFO  c.z.h.HikariDataSource               HikariPool-1 - Start completed.
2022-11-08T17:16:45.182-0500 [main] INFO  o.h.j.i.u.LogHelper                  HHH000204: Processing PersistenceUnitInfo [
	name: default
	...]
2022-11-08T17:16:45.236-0500 [main] INFO  o.h.Version                          HHH000412: Hibernate Core {5.3.7.Final}
2022-11-08T17:16:45.237-0500 [main] INFO  o.h.c.Environment                    HHH000206: hibernate.properties not found
2022-11-08T17:16:45.460-0500 [main] INFO  o.h.a.c.Version                      HCANN000001: Hibernate Commons Annotations {5.0.4.Final}
2022-11-08T17:16:45.613-0500 [main] INFO  o.h.d.Dialect                        HHH000400: Using dialect: org.hibernate.dialect.MySQL5Dialect
2022-11-08T17:16:45.788-0500 [main] INFO  o.s.o.j.LocalContainerEntityManagerFactoryBean Initialized JPA EntityManagerFactory for persistence unit 'default'
2022-11-08T17:16:46.040-0500 [main] INFO  o.s.s.c.ThreadPoolTaskExecutor       Initializing ExecutorService 'applicationTaskExecutor'
2022-11-08T17:16:46.227-0500 [main] INFO  o.a.c.h.Http11NioProtocol            Starting ProtocolHandler ["http-nio-9079"]
2022-11-08T17:16:46.269-0500 [main] INFO  c.s.g.w.WapChatezeeApplication       Started WapChatezeeApplication in 3.202 seconds (JVM running for 4.585)
2022-11-08T17:16:49.143-0500 [http-nio-9079-exec-1] INFO  o.a.c.c.C.[.[.[/]                    Initializing Spring DispatcherServlet 'dispatcherServlet'
2022-11-08T17:16:49.143-0500 [http-nio-9079-exec-1] INFO  o.s.w.s.DispatcherServlet            Initializing Servlet 'dispatcherServlet'
2022-11-08T17:16:49.151-0500 [http-nio-9079-exec-1] INFO  o.s.w.s.DispatcherServlet            Completed initialization in 7 ms
2022-11-08T17:16:49.234-0500 [http-nio-9079-exec-1] INFO  c.s.g.w.c.KaafiyaBalanceQuery        getKaafiyaUserBalanceController|aparty=634160295|bparty=166|serviceId=voicesms|langId=eng
2022-11-08T17:16:49.234-0500 [http-nio-9079-exec-1] INFO  c.s.g.w.c.KaafiyaBalanceQuery        getUserBalanceController|BALANCE_QUERY_URL=http://172.16.53.100:8082/charging/web/api/balance/diameter
2022-11-08T17:16:49.234-0500 [http-nio-9079-exec-1] INFO  c.s.g.w.c.KaafiyaBalanceQuery        jsonBodyData={"smsNumber":null,"msisdn":"634160295","type":null }
2022-11-08T17:16:49.240-0500 [http-nio-9079-exec-1] INFO  c.s.g.s.i.PostClientKaafiyaServiceImpl POST URL=http://172.16.53.100:8082/charging/web/api/balance/diameter|reqType=kaafiya-balance-query|kaafiyaAccountDetails=5064|5067|minBalanceCheck=60
2022-11-08T17:16:49.243-0500 [http-nio-9079-exec-1] INFO  c.s.g.s.i.PostClientKaafiyaServiceImpl No Header Set for kaafiya-balance-query
2022-11-08T17:16:49.917-0500 [http-nio-9079-exec-1] INFO  c.s.g.s.i.PostClientKaafiyaServiceImpl response header from2=[Server:"Apache-Coyote/1.1", Content-Type:"application/json;charset=UTF-8", Transfer-Encoding:"chunked", Date:"Tue, 08 Nov 2022 12:43:12 GMT"]
2022-11-08T17:16:49.917-0500 [http-nio-9079-exec-1] INFO  c.s.g.s.i.PostClientKaafiyaServiceImpl response status code from3=200 OK
2022-11-08T17:16:49.917-0500 [http-nio-9079-exec-1] INFO  c.s.g.s.i.PostClientKaafiyaServiceImpl response body from4={"result":"ok","data":{"accountBalance":[{"type":"2000","amount":"0 USD","expireDate":"07-02-2036 09:28","dataAccountType":"MAIN_BALANCE","amountDouble":0.0,"index":0,"unlimited":false},{"type":"2001","amount":"0 USD","expireDate":"07-02-2036 09:28","dataAccountType":"PROMOTION","amountDouble":0.0,"index":0,"unlimited":false},{"type":"2001","amount":"0 USD","expireDate":"07-02-2036 09:28","dataAccountType":"PROMOTION","amountDouble":0.0,"index":0,"unlimited":false},{"type":"4201","amount":"9.5 MB","expireDate":"15-04-2024 00:00","dataAccountType":"FOUR_G","amountDouble":1.00024E7,"category":"internet","index":0,"unlimited":false},{"type":"4202","amount":"0:00","expireDate":"15-04-2024 00:00","dataAccountType":"FALLBACK","amountDouble":0.0,"index":0,"unlimited":false},{"type":"5044","amount":"200.0 MB","expireDate":"15-11-2022 10:08","dataAccountType":"FOUR_G","amountDouble":2.097152E8,"category":"internet","index":1,"unlimited":false},{"type":"5064","amount":"25865.1 USD","expireDate":"03-12-2022 09:56","dataAccountType":"FLAT_RATE","amountDouble":25865.1,"category":"Kaafiya-prepaid","index":0,"unlimited":false},{"type":"5072","amount":"0 B","expireDate":"21-11-2022 00:00","dataAccountType":"FOUR_G","amountDouble":0.0,"category":"internet","index":20,"unlimited":false},{"type":"5075","amount":"65.8 GB","expireDate":"30-11-2022 00:00","dataAccountType":"FOUR_G","amountDouble":7.0624519348E10,"category":"internet","index":29,"unlimited":false}]}}
2022-11-08T17:16:49.932-0500 [http-nio-9079-exec-1] INFO  c.s.g.s.i.PostClientKaafiyaServiceImpl response json={"result":"ok","data":{"accountBalance":[{"amount":"0 USD","amountDouble":0,"unlimited":false,"index":0,"expireDate":"07-02-2036 09:28","dataAccountType":"MAIN_BALANCE","type":"2000"},{"amount":"0 USD","amountDouble":0,"unlimited":false,"index":0,"expireDate":"07-02-2036 09:28","dataAccountType":"PROMOTION","type":"2001"},{"amount":"0 USD","amountDouble":0,"unlimited":false,"index":0,"expireDate":"07-02-2036 09:28","dataAccountType":"PROMOTION","type":"2001"},{"amount":"9.5 MB","amountDouble":1.00024E7,"unlimited":false,"index":0,"expireDate":"15-04-2024 00:00","dataAccountType":"FOUR_G","type":"4201","category":"internet"},{"amount":"0:00","amountDouble":0,"unlimited":false,"index":0,"expireDate":"15-04-2024 00:00","dataAccountType":"FALLBACK","type":"4202"},{"amount":"200.0 MB","amountDouble":2.097152E8,"unlimited":false,"index":1,"expireDate":"15-11-2022 10:08","dataAccountType":"FOUR_G","type":"5044","category":"internet"},{"amount":"25865.1 USD","amountDouble":25865.1,"unlimited":false,"index":0,"expireDate":"03-12-2022 09:56","dataAccountType":"FLAT_RATE","type":"5064","category":"Kaafiya-prepaid"},{"amount":"0 B","amountDouble":0,"unlimited":false,"index":20,"expireDate":"21-11-2022 00:00","dataAccountType":"FOUR_G","type":"5072","category":"internet"},{"amount":"65.8 GB","amountDouble":7.0624519348E10,"unlimited":false,"index":29,"expireDate":"30-11-2022 00:00","dataAccountType":"FOUR_G","type":"5075","category":"internet"}]}}
2022-11-08T17:16:49.933-0500 [http-nio-9079-exec-1] INFO  c.s.g.s.i.PostClientKaafiyaServiceImpl result=ok
2022-11-08T17:16:49.933-0500 [http-nio-9079-exec-1] INFO  c.s.g.s.i.PostClientKaafiyaServiceImpl kaafiya-balance-query-----------
2022-11-08T17:16:49.933-0500 [http-nio-9079-exec-1] INFO  c.s.g.s.i.PostClientKaafiyaServiceImpl results=ok
2022-11-08T17:16:49.934-0500 [http-nio-9079-exec-1] INFO  c.s.g.s.i.PostClientKaafiyaServiceImpl jsonArrLength=9
2022-11-08T17:16:49.934-0500 [http-nio-9079-exec-1] INFO  c.s.g.s.i.PostClientKaafiyaServiceImpl count=0|Type=2000|balance=0.0|expireDate=07-02-2036 09:28|dataAccountType=MAIN_BALANCE
2022-11-08T17:16:49.935-0500 [http-nio-9079-exec-1] INFO  c.s.g.s.i.PostClientKaafiyaServiceImpl date=Thu Feb 07 09:28:00 EST 2036|currDate=202211081716|expireDate=203602070928
2022-11-08T17:16:49.935-0500 [http-nio-9079-exec-1] INFO  c.s.g.s.i.PostClientKaafiyaServiceImpl Main account Balance=0.0
2022-11-08T17:16:49.935-0500 [http-nio-9079-exec-1] INFO  c.s.g.s.i.PostClientKaafiyaServiceImpl Subscriber have low balance=0.0
2022-11-08T17:16:49.936-0500 [http-nio-9079-exec-1] INFO  c.s.g.s.i.PostClientKaafiyaServiceImpl count=1|Type=2001|balance=0.0|expireDate=07-02-2036 09:28|dataAccountType=PROMOTION
2022-11-08T17:16:49.936-0500 [http-nio-9079-exec-1] INFO  c.s.g.s.i.PostClientKaafiyaServiceImpl date=Thu Feb 07 09:28:00 EST 2036|currDate=202211081716|expireDate=203602070928
2022-11-08T17:16:49.936-0500 [http-nio-9079-exec-1] INFO  c.s.g.s.i.PostClientKaafiyaServiceImpl count=2|Type=2001|balance=0.0|expireDate=07-02-2036 09:28|dataAccountType=PROMOTION
2022-11-08T17:16:49.937-0500 [http-nio-9079-exec-1] INFO  c.s.g.s.i.PostClientKaafiyaServiceImpl date=Thu Feb 07 09:28:00 EST 2036|currDate=202211081716|expireDate=203602070928
2022-11-08T17:16:49.937-0500 [http-nio-9079-exec-1] INFO  c.s.g.s.i.PostClientKaafiyaServiceImpl count=3|Type=4201|balance=1.00024E9|expireDate=15-04-2024 00:00|dataAccountType=FOUR_G
2022-11-08T17:16:49.938-0500 [http-nio-9079-exec-1] INFO  c.s.g.s.i.PostClientKaafiyaServiceImpl date=Mon Apr 15 00:00:00 EDT 2024|currDate=202211081716|expireDate=202404150000
2022-11-08T17:16:49.938-0500 [http-nio-9079-exec-1] INFO  c.s.g.s.i.PostClientKaafiyaServiceImpl count=4|Type=4202|balance=0.0|expireDate=15-04-2024 00:00|dataAccountType=FALLBACK
2022-11-08T17:16:49.938-0500 [http-nio-9079-exec-1] INFO  c.s.g.s.i.PostClientKaafiyaServiceImpl date=Mon Apr 15 00:00:00 EDT 2024|currDate=202211081716|expireDate=202404150000
2022-11-08T17:16:49.939-0500 [http-nio-9079-exec-1] INFO  c.s.g.s.i.PostClientKaafiyaServiceImpl count=5|Type=5044|balance=2.097152E10|expireDate=15-11-2022 10:08|dataAccountType=FOUR_G
2022-11-08T17:16:49.939-0500 [http-nio-9079-exec-1] INFO  c.s.g.s.i.PostClientKaafiyaServiceImpl date=Tue Nov 15 10:08:00 EST 2022|currDate=202211081716|expireDate=202211151008
2022-11-08T17:16:49.940-0500 [http-nio-9079-exec-1] INFO  c.s.g.s.i.PostClientKaafiyaServiceImpl count=6|Type=5064|balance=2586510.0|expireDate=03-12-2022 09:56|dataAccountType=FLAT_RATE
2022-11-08T17:16:49.941-0500 [http-nio-9079-exec-1] INFO  c.s.g.s.i.PostClientKaafiyaServiceImpl date=Sat Dec 03 09:56:00 EST 2022|currDate=202211081716|expireDate=202212030956
2022-11-08T17:16:49.941-0500 [http-nio-9079-exec-1] INFO  c.s.g.s.i.PostClientKaafiyaServiceImpl yes bro************
2022-11-08T17:16:49.941-0500 [http-nio-9079-exec-1] INFO  c.s.g.s.i.PostClientKaafiyaServiceImpl This is Kaafiya account
2022-11-08T17:16:49.942-0500 [http-nio-9079-exec-1] INFO  c.s.g.s.i.PostClientKaafiyaServiceImpl ExpireDate is greater than current Date|This is Kaafiya account|exipreDate=202212030956|currDate=202211081716
2022-11-08T17:16:49.942-0500 [http-nio-9079-exec-1] INFO  c.s.g.w.c.KaafiyaBalanceQuery        sufficientBalance=K|aparty=634160295
2022-11-08T17:16:59.097-0500 [http-nio-9079-exec-3] INFO  c.s.g.w.c.KaafiyaBalanceQuery        getKaafiyaUserBalanceController|aparty=634470215|bparty=166|serviceId=voicesms|langId=eng
2022-11-08T17:16:59.098-0500 [http-nio-9079-exec-3] INFO  c.s.g.w.c.KaafiyaBalanceQuery        getUserBalanceController|BALANCE_QUERY_URL=http://172.16.53.100:8082/charging/web/api/balance/diameter
2022-11-08T17:16:59.098-0500 [http-nio-9079-exec-3] INFO  c.s.g.w.c.KaafiyaBalanceQuery        jsonBodyData={"smsNumber":null,"msisdn":"634470215","type":null }
2022-11-08T17:16:59.100-0500 [http-nio-9079-exec-3] INFO  c.s.g.s.i.PostClientKaafiyaServiceImpl POST URL=http://172.16.53.100:8082/charging/web/api/balance/diameter|reqType=kaafiya-balance-query|kaafiyaAccountDetails=5064|5067|minBalanceCheck=60
2022-11-08T17:16:59.100-0500 [http-nio-9079-exec-3] INFO  c.s.g.s.i.PostClientKaafiyaServiceImpl No Header Set for kaafiya-balance-query
2022-11-08T17:16:59.738-0500 [http-nio-9079-exec-3] INFO  c.s.g.s.i.PostClientKaafiyaServiceImpl response header from2=[Server:"Apache-Coyote/1.1", Content-Type:"application/json;charset=UTF-8", Transfer-Encoding:"chunked", Date:"Tue, 08 Nov 2022 12:43:21 GMT"]
2022-11-08T17:16:59.739-0500 [http-nio-9079-exec-3] INFO  c.s.g.s.i.PostClientKaafiyaServiceImpl response status code from3=200 OK
2022-11-08T17:16:59.739-0500 [http-nio-9079-exec-3] INFO  c.s.g.s.i.PostClientKaafiyaServiceImpl response body from4={"result":"ok","data":{"accountBalance":[{"type":"2000","amount":"0.01 USD","expireDate":"07-02-2036 09:28","dataAccountType":"MAIN_BALANCE","amountDouble":0.01,"index":0,"unlimited":false},{"type":"2001","amount":"0 USD","expireDate":"07-02-2036 09:28","dataAccountType":"PROMOTION","amountDouble":0.0,"index":0,"unlimited":false},{"type":"2001","amount":"0 USD","expireDate":"07-02-2036 09:28","dataAccountType":"PROMOTION","amountDouble":0.0,"index":0,"unlimited":false},{"type":"4201","amount":"1.3 MB","expireDate":"09-10-2023 13:35","dataAccountType":"FOUR_G","amountDouble":1318889.0,"category":"internet","index":0,"unlimited":false},{"type":"5044","amount":"0 B","expireDate":"14-11-2022 18:53","dataAccountType":"FOUR_G","amountDouble":0.0,"category":"internet","index":1,"unlimited":false},{"type":"5051","amount":"1024.0 MB","expireDate":"15-11-2022 11:04","dataAccountType":"FOUR_G","amountDouble":1.073741661E9,"category":"internet","index":4,"unlimited":false},{"type":"5062","amount":"0 B","expireDate":"12-11-2022 11:57","dataAccountType":"FOUR_G","amountDouble":0.0,"category":"internet","index":9,"unlimited":false},{"type":"5064","amount":"25797.94 USD","expireDate":"01-12-2022 09:28","dataAccountType":"FLAT_RATE","amountDouble":25797.94,"category":"Kaafiya-prepaid","index":0,"unlimited":false}]}}
2022-11-08T17:16:59.741-0500 [http-nio-9079-exec-3] INFO  c.s.g.s.i.PostClientKaafiyaServiceImpl response json={"result":"ok","data":{"accountBalance":[{"amount":"0.01 USD","amountDouble":0.01,"unlimited":false,"index":0,"expireDate":"07-02-2036 09:28","dataAccountType":"MAIN_BALANCE","type":"2000"},{"amount":"0 USD","amountDouble":0,"unlimited":false,"index":0,"expireDate":"07-02-2036 09:28","dataAccountType":"PROMOTION","type":"2001"},{"amount":"0 USD","amountDouble":0,"unlimited":false,"index":0,"expireDate":"07-02-2036 09:28","dataAccountType":"PROMOTION","type":"2001"},{"amount":"1.3 MB","amountDouble":1318889,"unlimited":false,"index":0,"expireDate":"09-10-2023 13:35","dataAccountType":"FOUR_G","type":"4201","category":"internet"},{"amount":"0 B","amountDouble":0,"unlimited":false,"index":1,"expireDate":"14-11-2022 18:53","dataAccountType":"FOUR_G","type":"5044","category":"internet"},{"amount":"1024.0 MB","amountDouble":1.073741661E9,"unlimited":false,"index":4,"expireDate":"15-11-2022 11:04","dataAccountType":"FOUR_G","type":"5051","category":"internet"},{"amount":"0 B","amountDouble":0,"unlimited":false,"index":9,"expireDate":"12-11-2022 11:57","dataAccountType":"FOUR_G","type":"5062","category":"internet"},{"amount":"25797.94 USD","amountDouble":25797.94,"unlimited":false,"index":0,"expireDate":"01-12-2022 09:28","dataAccountType":"FLAT_RATE","type":"5064","category":"Kaafiya-prepaid"}]}}
2022-11-08T17:16:59.742-0500 [http-nio-9079-exec-3] INFO  c.s.g.s.i.PostClientKaafiyaServiceImpl result=ok
2022-11-08T17:16:59.743-0500 [http-nio-9079-exec-3] INFO  c.s.g.s.i.PostClientKaafiyaServiceImpl kaafiya-balance-query-----------
2022-11-08T17:16:59.743-0500 [http-nio-9079-exec-3] INFO  c.s.g.s.i.PostClientKaafiyaServiceImpl results=ok
2022-11-08T17:16:59.743-0500 [http-nio-9079-exec-3] INFO  c.s.g.s.i.PostClientKaafiyaServiceImpl jsonArrLength=8
2022-11-08T17:16:59.743-0500 [http-nio-9079-exec-3] INFO  c.s.g.s.i.PostClientKaafiyaServiceImpl count=0|Type=2000|balance=1.0|expireDate=07-02-2036 09:28|dataAccountType=MAIN_BALANCE
2022-11-08T17:16:59.744-0500 [http-nio-9079-exec-3] INFO  c.s.g.s.i.PostClientKaafiyaServiceImpl date=Thu Feb 07 09:28:00 EST 2036|currDate=202211081716|expireDate=203602070928
2022-11-08T17:16:59.745-0500 [http-nio-9079-exec-3] INFO  c.s.g.s.i.PostClientKaafiyaServiceImpl Main account Balance=1.0
2022-11-08T17:16:59.745-0500 [http-nio-9079-exec-3] INFO  c.s.g.s.i.PostClientKaafiyaServiceImpl Subscriber have low balance=1.0
2022-11-08T17:16:59.745-0500 [http-nio-9079-exec-3] INFO  c.s.g.s.i.PostClientKaafiyaServiceImpl count=1|Type=2001|balance=0.0|expireDate=07-02-2036 09:28|dataAccountType=PROMOTION
2022-11-08T17:16:59.746-0500 [http-nio-9079-exec-3] INFO  c.s.g.s.i.PostClientKaafiyaServiceImpl date=Thu Feb 07 09:28:00 EST 2036|currDate=202211081716|expireDate=203602070928
2022-11-08T17:16:59.746-0500 [http-nio-9079-exec-3] INFO  c.s.g.s.i.PostClientKaafiyaServiceImpl count=2|Type=2001|balance=0.0|expireDate=07-02-2036 09:28|dataAccountType=PROMOTION
2022-11-08T17:16:59.746-0500 [http-nio-9079-exec-3] INFO  c.s.g.s.i.PostClientKaafiyaServiceImpl date=Thu Feb 07 09:28:00 EST 2036|currDate=202211081716|expireDate=203602070928
2022-11-08T17:16:59.746-0500 [http-nio-9079-exec-3] INFO  c.s.g.s.i.PostClientKaafiyaServiceImpl count=3|Type=4201|balance=1.318889E8|expireDate=09-10-2023 13:35|dataAccountType=FOUR_G
2022-11-08T17:16:59.747-0500 [http-nio-9079-exec-3] INFO  c.s.g.s.i.PostClientKaafiyaServiceImpl date=Mon Oct 09 13:35:00 EDT 2023|currDate=202211081716|expireDate=202310091335
2022-11-08T17:16:59.747-0500 [http-nio-9079-exec-3] INFO  c.s.g.s.i.PostClientKaafiyaServiceImpl count=4|Type=5044|balance=0.0|expireDate=14-11-2022 18:53|dataAccountType=FOUR_G
2022-11-08T17:16:59.748-0500 [http-nio-9079-exec-3] INFO  c.s.g.s.i.PostClientKaafiyaServiceImpl date=Mon Nov 14 18:53:00 EST 2022|currDate=202211081716|expireDate=202211141853
2022-11-08T17:16:59.748-0500 [http-nio-9079-exec-3] INFO  c.s.g.s.i.PostClientKaafiyaServiceImpl count=5|Type=5051|balance=1.073741661E11|expireDate=15-11-2022 11:04|dataAccountType=FOUR_G
2022-11-08T17:16:59.748-0500 [http-nio-9079-exec-3] INFO  c.s.g.s.i.PostClientKaafiyaServiceImpl date=Tue Nov 15 11:04:00 EST 2022|currDate=202211081716|expireDate=202211151104
2022-11-08T17:16:59.748-0500 [http-nio-9079-exec-3] INFO  c.s.g.s.i.PostClientKaafiyaServiceImpl count=6|Type=5062|balance=0.0|expireDate=12-11-2022 11:57|dataAccountType=FOUR_G
2022-11-08T17:16:59.749-0500 [http-nio-9079-exec-3] INFO  c.s.g.s.i.PostClientKaafiyaServiceImpl date=Sat Nov 12 11:57:00 EST 2022|currDate=202211081716|expireDate=202211121157
2022-11-08T17:16:59.749-0500 [http-nio-9079-exec-3] INFO  c.s.g.s.i.PostClientKaafiyaServiceImpl count=7|Type=5064|balance=2579794.0|expireDate=01-12-2022 09:28|dataAccountType=FLAT_RATE
2022-11-08T17:16:59.749-0500 [http-nio-9079-exec-3] INFO  c.s.g.s.i.PostClientKaafiyaServiceImpl date=Thu Dec 01 09:28:00 EST 2022|currDate=202211081716|expireDate=202212010928
2022-11-08T17:16:59.750-0500 [http-nio-9079-exec-3] INFO  c.s.g.s.i.PostClientKaafiyaServiceImpl yes bro************
2022-11-08T17:16:59.750-0500 [http-nio-9079-exec-3] INFO  c.s.g.s.i.PostClientKaafiyaServiceImpl This is Kaafiya account
2022-11-08T17:16:59.750-0500 [http-nio-9079-exec-3] INFO  c.s.g.s.i.PostClientKaafiyaServiceImpl ExpireDate is greater than current Date|This is Kaafiya account|exipreDate=202212010928|currDate=202211081716
2022-11-08T17:16:59.750-0500 [http-nio-9079-exec-3] INFO  c.s.g.w.c.KaafiyaBalanceQuery        sufficientBalance=K|aparty=634470215
2022-11-08T17:17:10.354-0500 [http-nio-9079-exec-4] INFO  c.s.g.w.c.KaafiyaBalanceQuery        getKaafiyaUserBalanceController|aparty=634064091|bparty=166|serviceId=voicesms|langId=eng
2022-11-08T17:17:10.354-0500 [http-nio-9079-exec-4] INFO  c.s.g.w.c.KaafiyaBalanceQuery        getUserBalanceController|BALANCE_QUERY_URL=http://172.16.53.100:8082/charging/web/api/balance/diameter
2022-11-08T17:17:10.354-0500 [http-nio-9079-exec-4] INFO  c.s.g.w.c.KaafiyaBalanceQuery        jsonBodyData={"smsNumber":null,"msisdn":"634064091","type":null }
2022-11-08T17:17:10.356-0500 [http-nio-9079-exec-4] INFO  c.s.g.s.i.PostClientKaafiyaServiceImpl POST URL=http://172.16.53.100:8082/charging/web/api/balance/diameter|reqType=kaafiya-balance-query|kaafiyaAccountDetails=5064|5067|minBalanceCheck=60
2022-11-08T17:17:10.356-0500 [http-nio-9079-exec-4] INFO  c.s.g.s.i.PostClientKaafiyaServiceImpl No Header Set for kaafiya-balance-query
2022-11-08T17:17:10.993-0500 [http-nio-9079-exec-4] INFO  c.s.g.s.i.PostClientKaafiyaServiceImpl response header from2=[Server:"Apache-Coyote/1.1", Content-Type:"application/json;charset=UTF-8", Transfer-Encoding:"chunked", Date:"Tue, 08 Nov 2022 12:43:33 GMT"]
2022-11-08T17:17:10.993-0500 [http-nio-9079-exec-4] INFO  c.s.g.s.i.PostClientKaafiyaServiceImpl response status code from3=200 OK
2022-11-08T17:17:10.994-0500 [http-nio-9079-exec-4] INFO  c.s.g.s.i.PostClientKaafiyaServiceImpl response body from4={"result":"ok","data":{"accountBalance":[{"type":"2000","amount":"0 USD","expireDate":"07-02-2036 09:28","dataAccountType":"MAIN_BALANCE","amountDouble":0.0,"index":0,"unlimited":false},{"type":"2001","amount":"0 USD","expireDate":"07-02-2036 09:28","dataAccountType":"PROMOTION","amountDouble":0.0,"index":0,"unlimited":false},{"type":"2001","amount":"0 USD","expireDate":"07-02-2036 09:28","dataAccountType":"PROMOTION","amountDouble":0.0,"index":0,"unlimited":false},{"type":"4201","amount":"0 B","expireDate":"15-04-2024 00:00","dataAccountType":"FOUR_G","amountDouble":0.0,"category":"internet","index":0,"unlimited":false},{"type":"4202","amount":"0:00","expireDate":"15-04-2024 00:00","dataAccountType":"FALLBACK","amountDouble":0.0,"index":0,"unlimited":false},{"type":"5003","amount":"31.7 MB","expireDate":"09-11-2022 00:00","dataAccountType":"FOUR_G","amountDouble":3.3256988E7,"category":"internet","index":22,"unlimited":false},{"type":"5062","amount":"0 B","expireDate":"14-11-2022 18:20","dataAccountType":"FOUR_G","amountDouble":0.0,"category":"internet","index":9,"unlimited":false}]}}
2022-11-08T17:17:10.996-0500 [http-nio-9079-exec-4] INFO  c.s.g.s.i.PostClientKaafiyaServiceImpl response json={"result":"ok","data":{"accountBalance":[{"amount":"0 USD","amountDouble":0,"unlimited":false,"index":0,"expireDate":"07-02-2036 09:28","dataAccountType":"MAIN_BALANCE","type":"2000"},{"amount":"0 USD","amountDouble":0,"unlimited":false,"index":0,"expireDate":"07-02-2036 09:28","dataAccountType":"PROMOTION","type":"2001"},{"amount":"0 USD","amountDouble":0,"unlimited":false,"index":0,"expireDate":"07-02-2036 09:28","dataAccountType":"PROMOTION","type":"2001"},{"amount":"0 B","amountDouble":0,"unlimited":false,"index":0,"expireDate":"15-04-2024 00:00","dataAccountType":"FOUR_G","type":"4201","category":"internet"},{"amount":"0:00","amountDouble":0,"unlimited":false,"index":0,"expireDate":"15-04-2024 00:00","dataAccountType":"FALLBACK","type":"4202"},{"amount":"31.7 MB","amountDouble":3.3256988E7,"unlimited":false,"index":22,"expireDate":"09-11-2022 00:00","dataAccountType":"FOUR_G","type":"5003","category":"internet"},{"amount":"0 B","amountDouble":0,"unlimited":false,"index":9,"expireDate":"14-11-2022 18:20","dataAccountType":"FOUR_G","type":"5062","category":"internet"}]}}
2022-11-08T17:17:10.997-0500 [http-nio-9079-exec-4] INFO  c.s.g.s.i.PostClientKaafiyaServiceImpl result=ok
2022-11-08T17:17:10.997-0500 [http-nio-9079-exec-4] INFO  c.s.g.s.i.PostClientKaafiyaServiceImpl kaafiya-balance-query-----------
2022-11-08T17:17:10.997-0500 [http-nio-9079-exec-4] INFO  c.s.g.s.i.PostClientKaafiyaServiceImpl results=ok
2022-11-08T17:17:10.998-0500 [http-nio-9079-exec-4] INFO  c.s.g.s.i.PostClientKaafiyaServiceImpl jsonArrLength=7
2022-11-08T17:17:10.998-0500 [http-nio-9079-exec-4] INFO  c.s.g.s.i.PostClientKaafiyaServiceImpl count=0|Type=2000|balance=0.0|expireDate=07-02-2036 09:28|dataAccountType=MAIN_BALANCE
2022-11-08T17:17:10.999-0500 [http-nio-9079-exec-4] INFO  c.s.g.s.i.PostClientKaafiyaServiceImpl date=Thu Feb 07 09:28:00 EST 2036|currDate=202211081717|expireDate=203602070928
2022-11-08T17:17:10.999-0500 [http-nio-9079-exec-4] INFO  c.s.g.s.i.PostClientKaafiyaServiceImpl Main account Balance=0.0
2022-11-08T17:17:10.999-0500 [http-nio-9079-exec-4] INFO  c.s.g.s.i.PostClientKaafiyaServiceImpl Subscriber have low balance=0.0
2022-11-08T17:17:10.999-0500 [http-nio-9079-exec-4] INFO  c.s.g.s.i.PostClientKaafiyaServiceImpl count=1|Type=2001|balance=0.0|expireDate=07-02-2036 09:28|dataAccountType=PROMOTION
2022-11-08T17:17:11.000-0500 [http-nio-9079-exec-4] INFO  c.s.g.s.i.PostClientKaafiyaServiceImpl date=Thu Feb 07 09:28:00 EST 2036|currDate=202211081717|expireDate=203602070928
2022-11-08T17:17:11.001-0500 [http-nio-9079-exec-4] INFO  c.s.g.s.i.PostClientKaafiyaServiceImpl count=2|Type=2001|balance=0.0|expireDate=07-02-2036 09:28|dataAccountType=PROMOTION
2022-11-08T17:17:11.001-0500 [http-nio-9079-exec-4] INFO  c.s.g.s.i.PostClientKaafiyaServiceImpl date=Thu Feb 07 09:28:00 EST 2036|currDate=202211081717|expireDate=203602070928
2022-11-08T17:17:11.002-0500 [http-nio-9079-exec-4] INFO  c.s.g.s.i.PostClientKaafiyaServiceImpl count=3|Type=4201|balance=0.0|expireDate=15-04-2024 00:00|dataAccountType=FOUR_G
2022-11-08T17:17:11.002-0500 [http-nio-9079-exec-4] INFO  c.s.g.s.i.PostClientKaafiyaServiceImpl date=Mon Apr 15 00:00:00 EDT 2024|currDate=202211081717|expireDate=202404150000
2022-11-08T17:17:11.003-0500 [http-nio-9079-exec-4] INFO  c.s.g.s.i.PostClientKaafiyaServiceImpl count=4|Type=4202|balance=0.0|expireDate=15-04-2024 00:00|dataAccountType=FALLBACK
2022-11-08T17:17:11.003-0500 [http-nio-9079-exec-4] INFO  c.s.g.s.i.PostClientKaafiyaServiceImpl date=Mon Apr 15 00:00:00 EDT 2024|currDate=202211081717|expireDate=202404150000
2022-11-08T17:17:11.003-0500 [http-nio-9079-exec-4] INFO  c.s.g.s.i.PostClientKaafiyaServiceImpl count=5|Type=5003|balance=3.3256988E9|expireDate=09-11-2022 00:00|dataAccountType=FOUR_G
2022-11-08T17:17:11.004-0500 [http-nio-9079-exec-4] INFO  c.s.g.s.i.PostClientKaafiyaServiceImpl date=Wed Nov 09 00:00:00 EST 2022|currDate=202211081717|expireDate=202211090000
2022-11-08T17:17:11.004-0500 [http-nio-9079-exec-4] INFO  c.s.g.s.i.PostClientKaafiyaServiceImpl count=6|Type=5062|balance=0.0|expireDate=14-11-2022 18:20|dataAccountType=FOUR_G
2022-11-08T17:17:11.005-0500 [http-nio-9079-exec-4] INFO  c.s.g.s.i.PostClientKaafiyaServiceImpl date=Mon Nov 14 18:20:00 EST 2022|currDate=202211081717|expireDate=202211141820
2022-11-08T17:17:11.005-0500 [http-nio-9079-exec-4] INFO  c.s.g.w.c.KaafiyaBalanceQuery        sufficientBalance=N|aparty=634064091
2022-11-08T17:17:21.784-0500 [http-nio-9079-exec-6] INFO  c.s.g.w.c.KaafiyaBalanceQuery        getKaafiyaUserBalanceController|aparty=637548825|bparty=166|serviceId=voicesms|langId=eng
2022-11-08T17:17:21.785-0500 [http-nio-9079-exec-6] INFO  c.s.g.w.c.KaafiyaBalanceQuery        getUserBalanceController|BALANCE_QUERY_URL=http://172.16.53.100:8082/charging/web/api/balance/diameter
2022-11-08T17:17:21.785-0500 [http-nio-9079-exec-6] INFO  c.s.g.w.c.KaafiyaBalanceQuery        jsonBodyData={"smsNumber":null,"msisdn":"637548825","type":null }
2022-11-08T17:17:21.788-0500 [http-nio-9079-exec-6] INFO  c.s.g.s.i.PostClientKaafiyaServiceImpl POST URL=http://172.16.53.100:8082/charging/web/api/balance/diameter|reqType=kaafiya-balance-query|kaafiyaAccountDetails=5064|5067|minBalanceCheck=60
2022-11-08T17:17:21.788-0500 [http-nio-9079-exec-6] INFO  c.s.g.s.i.PostClientKaafiyaServiceImpl No Header Set for kaafiya-balance-query
2022-11-08T17:17:22.428-0500 [http-nio-9079-exec-6] INFO  c.s.g.s.i.PostClientKaafiyaServiceImpl response header from2=[Server:"Apache-Coyote/1.1", Content-Type:"application/json;charset=UTF-8", Transfer-Encoding:"chunked", Date:"Tue, 08 Nov 2022 12:43:44 GMT"]
2022-11-08T17:17:22.428-0500 [http-nio-9079-exec-6] INFO  c.s.g.s.i.PostClientKaafiyaServiceImpl response status code from3=200 OK
2022-11-08T17:17:22.428-0500 [http-nio-9079-exec-6] INFO  c.s.g.s.i.PostClientKaafiyaServiceImpl response body from4={"result":"ok","data":{"accountBalance":[{"type":"2000","amount":"0.34 USD","expireDate":"07-02-2036 09:28","dataAccountType":"MAIN_BALANCE","amountDouble":0.34,"index":0,"unlimited":false},{"type":"4202","amount":"2:00","expireDate":"07-02-2036 09:28","dataAccountType":"FALLBACK","amountDouble":120.0,"index":0,"unlimited":false}]}}
2022-11-08T17:17:22.429-0500 [http-nio-9079-exec-6] INFO  c.s.g.s.i.PostClientKaafiyaServiceImpl response json={"result":"ok","data":{"accountBalance":[{"amount":"0.34 USD","amountDouble":0.34,"unlimited":false,"index":0,"expireDate":"07-02-2036 09:28","dataAccountType":"MAIN_BALANCE","type":"2000"},{"amount":"2:00","amountDouble":120,"unlimited":false,"index":0,"expireDate":"07-02-2036 09:28","dataAccountType":"FALLBACK","type":"4202"}]}}
2022-11-08T17:17:22.429-0500 [http-nio-9079-exec-6] INFO  c.s.g.s.i.PostClientKaafiyaServiceImpl result=ok
2022-11-08T17:17:22.429-0500 [http-nio-9079-exec-6] INFO  c.s.g.s.i.PostClientKaafiyaServiceImpl kaafiya-balance-query-----------
2022-11-08T17:17:22.429-0500 [http-nio-9079-exec-6] INFO  c.s.g.s.i.PostClientKaafiyaServiceImpl results=ok
2022-11-08T17:17:22.430-0500 [http-nio-9079-exec-6] INFO  c.s.g.s.i.PostClientKaafiyaServiceImpl jsonArrLength=2
2022-11-08T17:17:22.430-0500 [http-nio-9079-exec-6] INFO  c.s.g.s.i.PostClientKaafiyaServiceImpl count=0|Type=2000|balance=34.0|expireDate=07-02-2036 09:28|dataAccountType=MAIN_BALANCE
2022-11-08T17:17:22.430-0500 [http-nio-9079-exec-6] INFO  c.s.g.s.i.PostClientKaafiyaServiceImpl date=Thu Feb 07 09:28:00 EST 2036|currDate=202211081717|expireDate=203602070928
2022-11-08T17:17:22.430-0500 [http-nio-9079-exec-6] INFO  c.s.g.s.i.PostClientKaafiyaServiceImpl Main account Balance=34.0
2022-11-08T17:17:22.431-0500 [http-nio-9079-exec-6] INFO  c.s.g.s.i.PostClientKaafiyaServiceImpl Subscriber have sufficient balance=34.0
2022-11-08T17:17:22.431-0500 [http-nio-9079-exec-6] INFO  c.s.g.s.i.PostClientKaafiyaServiceImpl count=1|Type=4202|balance=12000.0|expireDate=07-02-2036 09:28|dataAccountType=FALLBACK
2022-11-08T17:17:22.431-0500 [http-nio-9079-exec-6] INFO  c.s.g.s.i.PostClientKaafiyaServiceImpl date=Thu Feb 07 09:28:00 EST 2036|currDate=202211081717|expireDate=203602070928
2022-11-08T17:17:22.432-0500 [http-nio-9079-exec-6] INFO  c.s.g.w.c.KaafiyaBalanceQuery        sufficientBalance=Y|aparty=637548825
2022-11-08T17:18:43.565-0500 [RMI TCP Connection(4)-127.0.0.1] INFO  o.s.s.c.ThreadPoolTaskExecutor       Shutting down ExecutorService 'applicationTaskExecutor'
2022-11-08T17:18:43.565-0500 [RMI TCP Connection(4)-127.0.0.1] INFO  o.s.o.j.LocalContainerEntityManagerFactoryBean Closing JPA EntityManagerFactory for persistence unit 'default'
2022-11-08T17:18:43.568-0500 [RMI TCP Connection(4)-127.0.0.1] INFO  c.z.h.HikariDataSource               HikariPool-1 - Shutdown initiated...
2022-11-08T17:18:43.576-0500 [RMI TCP Connection(4)-127.0.0.1] INFO  c.z.h.HikariDataSource               HikariPool-1 - Shutdown completed.
